Traceback (most recent call last):
  File "<frozen runpy>", line 198, in _run_module_as_main
  File "<frozen runpy>", line 88, in _run_code
  File "/data_gpu/songlin/rl/verl/verl/trainer/main_ppo.py", line 27, in <module>
    from verl.trainer.ppo.ray_trainer import RayPPOTrainer
  File "/data_gpu/songlin/rl/verl/verl/trainer/ppo/ray_trainer.py", line 44, in <module>
    from verl.trainer.ppo import core_algos
  File "/data_gpu/songlin/rl/verl/verl/trainer/ppo/core_algos.py", line 35, in <module>
    from verl.workers.config import ActorConfig
  File "/data_gpu/songlin/rl/verl/verl/workers/config/__init__.py", line 15, in <module>
    from . import actor, critic, engine, model, optimizer, reward_model, rollout
  File "/data_gpu/songlin/rl/verl/verl/workers/config/actor.py", line 24, in <module>
    from .engine import FSDPEngineConfig, McoreEngineConfig
  File "/data_gpu/songlin/rl/verl/verl/workers/config/engine.py", line 23, in <module>
    from .model import HFModelConfig
  File "/data_gpu/songlin/rl/verl/verl/workers/config/model.py", line 19, in <module>
    from transformers import AutoConfig
  File "<frozen importlib._bootstrap>", line 1412, in _handle_fromlist
  File "/share_data/gyzhou/anaconda3/envs/verl/lib/python3.12/site-packages/transformers/utils/import_utils.py", line 2317, in __getattr__
    module = self._get_module(self._class_to_module[name])
             ^^^^^^^^^^^^^^^^^^^^^^^^^^^^^^^^^^^^^^^^^^^^^
  File "/share_data/gyzhou/anaconda3/envs/verl/lib/python3.12/site-packages/transformers/utils/import_utils.py", line 2345, in _get_module
    return importlib.import_module("." + module_name, self.__name__)
           ^^^^^^^^^^^^^^^^^^^^^^^^^^^^^^^^^^^^^^^^^^^^^^^^^^^^^^^^^
  File "/share_data/gyzhou/anaconda3/envs/verl/lib/python3.12/importlib/__init__.py", line 90, in import_module
    return _bootstrap._gcd_import(name[level:], package, level)
           ^^^^^^^^^^^^^^^^^^^^^^^^^^^^^^^^^^^^^^^^^^^^^^^^^^^^
  File "/share_data/gyzhou/anaconda3/envs/verl/lib/python3.12/site-packages/transformers/models/__init__.py", line 396, in <module>
    sys.modules[__name__] = _LazyModule(__name__, _file, define_import_structure(_file), module_spec=__spec__)
                                                         ^^^^^^^^^^^^^^^^^^^^^^^^^^^^^^
  File "/share_data/gyzhou/anaconda3/envs/verl/lib/python3.12/site-packages/transformers/utils/import_utils.py", line 2867, in define_import_structure
    import_structure = create_import_structure_from_path(module_path)
                       ^^^^^^^^^^^^^^^^^^^^^^^^^^^^^^^^^^^^^^^^^^^^^^
  File "/share_data/gyzhou/anaconda3/envs/verl/lib/python3.12/site-packages/transformers/utils/import_utils.py", line 2580, in create_import_structure_from_path
    import_structure[f] = create_import_structure_from_path(os.path.join(module_path, f))
                          ^^^^^^^^^^^^^^^^^^^^^^^^^^^^^^^^^^^^^^^^^^^^^^^^^^^^^^^^^^^^^^^
  File "/share_data/gyzhou/anaconda3/envs/verl/lib/python3.12/site-packages/transformers/utils/import_utils.py", line 2580, in create_import_structure_from_path
    import_structure[f] = create_import_structure_from_path(os.path.join(module_path, f))
                          ^^^^^^^^^^^^^^^^^^^^^^^^^^^^^^^^^^^^^^^^^^^^^^^^^^^^^^^^^^^^^^^
  File "/share_data/gyzhou/anaconda3/envs/verl/lib/python3.12/site-packages/transformers/utils/import_utils.py", line 2604, in create_import_structure_from_path
    with open(os.path.join(directory, module_name), encoding="utf-8") as f:
         ^^^^^^^^^^^^^^^^^^^^^^^^^^^^^^^^^^^^^^^^^^^^^^^^^^^^^^^^^^^^
  File "<frozen codecs>", line 309, in __init__
KeyboardInterrupt
